{
  "RSpec": {
    "coverage": {
      "/Users/georgedinicola/Desktop/numenu/app/controllers/application_controller.rb": {
        "lines": [
          1,
          null
        ]
      },
      "/Users/georgedinicola/Desktop/numenu/app/controllers/dish_reviews_controller.rb": {
        "lines": [
          1,
          1,
          4,
          4,
          4,
          4,
          4,
          0,
          0,
          0,
          null,
          null,
          null,
          1,
          2,
          2,
          2,
          2,
          2,
          0,
          0,
          null,
          null,
          null,
          1,
          0,
          0,
          0,
          0,
          0,
          0,
          0,
          0,
          null,
          null
        ]
      },
      "/Users/georgedinicola/Desktop/numenu/app/controllers/dishes_controller.rb": {
        "lines": [
          1,
          1,
          3,
          3,
          3,
          3,
          0,
          0,
          null,
          null,
          null
        ]
      },
      "/Users/georgedinicola/Desktop/numenu/app/controllers/home_controller.rb": {
        "lines": [
          1,
          1,
          null,
          null
        ]
      },
      "/Users/georgedinicola/Desktop/numenu/app/controllers/restaurant_reviews_controller.rb": {
        "lines": [
          1,
          1,
          4,
          4,
          4,
          4,
          0,
          0,
          null,
          null,
          null,
          1,
          2,
          2,
          2,
          0,
          null,
          null,
          null,
          1,
          0,
          0,
          0,
          0,
          0,
          0,
          0,
          null,
          null
        ]
      },
      "/Users/georgedinicola/Desktop/numenu/app/controllers/restaurants_controller.rb": {
        "lines": [
          1,
          1,
          4,
          null,
          null
        ]
      },
      "/Users/georgedinicola/Desktop/numenu/app/controllers/users_controller.rb": {
        "lines": [
          1,
          null
        ]
      },
      "/Users/georgedinicola/Desktop/numenu/app/models/dish_review.rb": {
        "lines": [
          1,
          1,
          1,
          null
        ]
      },
      "/Users/georgedinicola/Desktop/numenu/app/models/dish.rb": {
        "lines": [
          1,
          1,
          1,
          null
        ]
      },
      "/Users/georgedinicola/Desktop/numenu/app/models/restaurant_review.rb": {
        "lines": [
          1,
          1,
          1,
          null
        ]
      },
      "/Users/georgedinicola/Desktop/numenu/app/models/restaurant.rb": {
        "lines": [
          1,
          1,
          1,
          null
        ]
      },
      "/Users/georgedinicola/Desktop/numenu/app/models/user.rb": {
        "lines": [
          1,
          1,
          1,
          null
        ]
      },
      "/Users/georgedinicola/Desktop/numenu/app/mailers/application_mailer.rb": {
        "lines": [
          0,
          0,
          0,
          0
        ],
        "branches": {
        }
      },
      "/Users/georgedinicola/Desktop/numenu/app/models/application_record.rb": {
        "lines": [
          0,
          0,
          0
        ],
        "branches": {
        }
      },
      "/Users/georgedinicola/Desktop/numenu/app/jobs/application_job.rb": {
        "lines": [
          0,
          null,
          null,
          null,
          null,
          null,
          0
        ],
        "branches": {
        }
      },
      "/Users/georgedinicola/Desktop/numenu/app/helpers/restaurants_helper.rb": {
        "lines": [
          0,
          0
        ],
        "branches": {
        }
      },
      "/Users/georgedinicola/Desktop/numenu/app/helpers/home_helper.rb": {
        "lines": [
          0,
          0
        ],
        "branches": {
        }
      },
      "/Users/georgedinicola/Desktop/numenu/app/helpers/application_helper.rb": {
        "lines": [
          0,
          0
        ],
        "branches": {
        }
      },
      "/Users/georgedinicola/Desktop/numenu/app/channels/application_cable/connection.rb": {
        "lines": [
          0,
          0,
          0,
          0
        ],
        "branches": {
        }
      },
      "/Users/georgedinicola/Desktop/numenu/app/channels/application_cable/channel.rb": {
        "lines": [
          0,
          0,
          0,
          0
        ],
        "branches": {
        }
      }
    },
    "timestamp": 1615834888
  }
}
